<?xml version="1.0" encoding="UTF-8"?>
<testsuite xmlns:xsi="http://www.w3.org/2001/XMLSchema-instance" xsi:noNamespaceSchemaLocation="https://maven.apache.org/surefire/maven-surefire-plugin/xsd/surefire-test-report-3.0.xsd" version="3.0" name="payment.ApplicationTests" time="6.71" tests="1" errors="0" skipped="0" failures="0">
  <properties>
[...]
</properties>
  <testcase name="contextLoads" classname="payment.ApplicationTests" time="1.297">
    <system-out><![CDATA[02:13:29.956 [main] INFO org.springframework.test.context.support.AnnotationConfigContextLoaderUtils -- Could not detect default configuration classes for test class [payment.ApplicationTests]: ApplicationTests does not declare any static, non-private, non-final, nested classes annotated with @Configuration.
02:13:30.139 [main] INFO org.springframework.boot.test.context.SpringBootTestContextBootstrapper -- Found @SpringBootConfiguration payment.Application for test class payment.ApplicationTests
02:13:30.456 [main] INFO org.springframework.boot.devtools.restart.RestartApplicationListener -- Restart disabled due to context in which it is running

  .   ____          _            __ _ _
 /\\ / ___'_ __ _ _(_)_ __  __ _ \ \ \ \
( ( )\___ | '_ | '_| | '_ \/ _` | \ \ \ \
 \\/  ___)| |_)| | | | | || (_| |  ) ) ) )
  '  |____| .__|_| |_|_| |_\__, | / / / /
 =========|_|==============|___/=/_/_/_/
 :: Spring Boot ::                (v3.2.0)

2023-12-20T02:13:30.932+06:00  INFO 17148 --- [           main] payment.ApplicationTests                 : Starting ApplicationTests using Java 19.0.2 with PID 17148 (started by Mohacel Hosen in E:\payment project\payment)
2023-12-20T02:13:30.934+06:00  INFO 17148 --- [           main] payment.ApplicationTests                 : No active profile set, falling back to 1 default profile: "default"
2023-12-20T02:13:32.226+06:00  INFO 17148 --- [           main] .s.d.r.c.RepositoryConfigurationDelegate : Bootstrapping Spring Data MongoDB repositories in DEFAULT mode.
2023-12-20T02:13:32.312+06:00  INFO 17148 --- [           main] .s.d.r.c.RepositoryConfigurationDelegate : Finished Spring Data repository scanning in 78 ms. Found 1 MongoDB repository interface.
2023-12-20T02:13:33.034+06:00  INFO 17148 --- [           main] org.mongodb.driver.client                : MongoClient with metadata {"driver": {"name": "mongo-java-driver|sync|spring-boot", "version": "4.11.1"}, "os": {"type": "Windows", "name": "Windows 11", "architecture": "amd64", "version": "10.0"}, "platform": "Java/Oracle Corporation/19.0.2+7-44"} created with settings MongoClientSettings{readPreference=primary, writeConcern=WriteConcern{w=majority, wTimeout=null ms, journal=null}, retryWrites=true, retryReads=true, readConcern=ReadConcern{level=null}, credential=MongoCredential{mechanism=null, userName='mohacel', source='admin', password=<hidden>, mechanismProperties=<hidden>}, transportSettings=null, streamFactoryFactory=null, commandListeners=[], codecRegistry=ProvidersCodecRegistry{codecProviders=[ValueCodecProvider{}, BsonValueCodecProvider{}, DBRefCodecProvider{}, DBObjectCodecProvider{}, DocumentCodecProvider{}, CollectionCodecProvider{}, IterableCodecProvider{}, MapCodecProvider{}, GeoJsonCodecProvider{}, GridFSFileCodecProvider{}, Jsr310CodecProvider{}, JsonObjectCodecProvider{}, BsonCodecProvider{}, EnumCodecProvider{}, com.mongodb.client.model.mql.ExpressionCodecProvider@1f43cab7, com.mongodb.Jep395RecordCodecProvider@481558ce, com.mongodb.KotlinCodecProvider@2668c286]}, loggerSettings=LoggerSettings{maxDocumentLength=1000}, clusterSettings={hosts=[127.0.0.1:27017], srvHost=cluster0.fvneon7.mongodb.net, srvServiceName=mongodb, mode=MULTIPLE, requiredClusterType=REPLICA_SET, requiredReplicaSetName='atlas-ksvj42-shard-0', serverSelector='null', clusterListeners='[]', serverSelectionTimeout='30000 ms', localThreshold='15 ms'}, socketSettings=SocketSettings{connectTimeoutMS=10000, readTimeoutMS=0, receiveBufferSize=0, proxySettings=ProxySettings{host=null, port=null, username=null, password=null}}, heartbeatSocketSettings=SocketSettings{connectTimeoutMS=10000, readTimeoutMS=10000, receiveBufferSize=0, proxySettings=ProxySettings{host=null, port=null, username=null, password=null}}, connectionPoolSettings=ConnectionPoolSettings{maxSize=100, minSize=0, maxWaitTimeMS=120000, maxConnectionLifeTimeMS=0, maxConnectionIdleTimeMS=0, maintenanceInitialDelayMS=0, maintenanceFrequencyMS=60000, connectionPoolListeners=[], maxConnecting=2}, serverSettings=ServerSettings{heartbeatFrequencyMS=10000, minHeartbeatFrequencyMS=500, serverListeners='[]', serverMonitorListeners='[]'}, sslSettings=SslSettings{enabled=true, invalidHostNameAllowed=false, context=null}, applicationName='null', compressorList=[], uuidRepresentation=JAVA_LEGACY, serverApi=null, autoEncryptionSettings=null, dnsClient=null, inetAddressResolver=null, contextProvider=null}
2023-12-20T02:13:33.059+06:00  INFO 17148 --- [on7.mongodb.net] org.mongodb.driver.cluster               : Adding discovered server ac-vmryjr1-shard-00-01.fvneon7.mongodb.net:27017 to client view of cluster
2023-12-20T02:13:33.083+06:00  INFO 17148 --- [on7.mongodb.net] org.mongodb.driver.cluster               : Adding discovered server ac-vmryjr1-shard-00-00.fvneon7.mongodb.net:27017 to client view of cluster
2023-12-20T02:13:33.086+06:00  INFO 17148 --- [on7.mongodb.net] org.mongodb.driver.cluster               : Adding discovered server ac-vmryjr1-shard-00-02.fvneon7.mongodb.net:27017 to client view of cluster
2023-12-20T02:13:33.919+06:00  INFO 17148 --- [ngodb.net:27017] org.mongodb.driver.cluster               : Monitor thread successfully connected to server with description ServerDescription{address=ac-vmryjr1-shard-00-01.fvneon7.mongodb.net:27017, type=REPLICA_SET_SECONDARY, state=CONNECTED, ok=true, minWireVersion=0, maxWireVersion=17, maxDocumentSize=16777216, logicalSessionTimeoutMinutes=30, roundTripTimeNanos=521687201, setName='atlas-ksvj42-shard-0', canonicalAddress=ac-vmryjr1-shard-00-01.fvneon7.mongodb.net:27017, hosts=[ac-vmryjr1-shard-00-02.fvneon7.mongodb.net:27017, ac-vmryjr1-shard-00-01.fvneon7.mongodb.net:27017, ac-vmryjr1-shard-00-00.fvneon7.mongodb.net:27017], passives=[], arbiters=[], primary='ac-vmryjr1-shard-00-02.fvneon7.mongodb.net:27017', tagSet=TagSet{[Tag{name='availabilityZone', value='aps1-az3'}, Tag{name='nodeType', value='ELECTABLE'}, Tag{name='provider', value='AWS'}, Tag{name='region', value='AP_SOUTH_1'}, Tag{name='workloadType', value='OPERATIONAL'}]}, electionId=null, setVersion=8, topologyVersion=TopologyVersion{processId=65661eed3bf620281ba982ea, counter=3}, lastWriteDate=Wed Dec 20 02:13:33 BDT 2023, lastUpdateTimeNanos=540817204085100}
2023-12-20T02:13:33.931+06:00  INFO 17148 --- [ngodb.net:27017] org.mongodb.driver.cluster               : Monitor thread successfully connected to server with description ServerDescription{address=ac-vmryjr1-shard-00-02.fvneon7.mongodb.net:27017, type=REPLICA_SET_PRIMARY, state=CONNECTED, ok=true, minWireVersion=0, maxWireVersion=17, maxDocumentSize=16777216, logicalSessionTimeoutMinutes=30, roundTripTimeNanos=523498100, setName='atlas-ksvj42-shard-0', canonicalAddress=ac-vmryjr1-shard-00-02.fvneon7.mongodb.net:27017, hosts=[ac-vmryjr1-shard-00-02.fvneon7.mongodb.net:27017, ac-vmryjr1-shard-00-01.fvneon7.mongodb.net:27017, ac-vmryjr1-shard-00-00.fvneon7.mongodb.net:27017], passives=[], arbiters=[], primary='ac-vmryjr1-shard-00-02.fvneon7.mongodb.net:27017', tagSet=TagSet{[Tag{name='availabilityZone', value='aps1-az2'}, Tag{name='nodeType', value='ELECTABLE'}, Tag{name='provider', value='AWS'}, Tag{name='region', value='AP_SOUTH_1'}, Tag{name='workloadType', value='OPERATIONAL'}]}, electionId=7fffffff00000000000000b5, setVersion=8, topologyVersion=TopologyVersion{processId=65661e89d0c1a73b22ae4844, counter=6}, lastWriteDate=Wed Dec 20 02:13:33 BDT 2023, lastUpdateTimeNanos=540817204085200}
2023-12-20T02:13:33.931+06:00  INFO 17148 --- [ngodb.net:27017] org.mongodb.driver.cluster               : Monitor thread successfully connected to server with description ServerDescription{address=ac-vmryjr1-shard-00-00.fvneon7.mongodb.net:27017, type=REPLICA_SET_SECONDARY, state=CONNECTED, ok=true, minWireVersion=0, maxWireVersion=17, maxDocumentSize=16777216, logicalSessionTimeoutMinutes=30, roundTripTimeNanos=523484400, setName='atlas-ksvj42-shard-0', canonicalAddress=ac-vmryjr1-shard-00-00.fvneon7.mongodb.net:27017, hosts=[ac-vmryjr1-shard-00-02.fvneon7.mongodb.net:27017, ac-vmryjr1-shard-00-01.fvneon7.mongodb.net:27017, ac-vmryjr1-shard-00-00.fvneon7.mongodb.net:27017], passives=[], arbiters=[], primary='ac-vmryjr1-shard-00-02.fvneon7.mongodb.net:27017', tagSet=TagSet{[Tag{name='availabilityZone', value='aps1-az1'}, Tag{name='nodeType', value='ELECTABLE'}, Tag{name='provider', value='AWS'}, Tag{name='region', value='AP_SOUTH_1'}, Tag{name='workloadType', value='OPERATIONAL'}]}, electionId=null, setVersion=8, topologyVersion=TopologyVersion{processId=65661e26039e11dd20d35393, counter=4}, lastWriteDate=Wed Dec 20 02:13:33 BDT 2023, lastUpdateTimeNanos=540817204085200}
2023-12-20T02:13:33.936+06:00  INFO 17148 --- [ngodb.net:27017] org.mongodb.driver.cluster               : Discovered replica set primary ac-vmryjr1-shard-00-02.fvneon7.mongodb.net:27017 with max election id 7fffffff00000000000000b5 and max set version 8
2023-12-20T02:13:35.035+06:00  INFO 17148 --- [           main] payment.ApplicationTests                 : Started ApplicationTests in 4.605 seconds (process running for 6.437)
]]></system-out>
  </testcase>
</testsuite>